<?xml version="1.0" encoding="UTF-8"?>
<testng-results ignored="0" total="1" passed="1" failed="0" skipped="0">
  <reporter-output>
    <line>
      <![CDATA[homepage is displayed]]>
    </line>
    <line>
      <![CDATA[Username and password displayed]]>
    </line>
    <line>
      <![CDATA[OrangeHRM page is displayed]]>
    </line>
    <line>
      <![CDATA[Welcomeqaplanet1is displayed]]>
    </line>
    <line>
      <![CDATA[home page is displayed and signoff is successfull]]>
    </line>
  </reporter-output>
  <suite started-at="2021-09-16T16:28:26 IST" name="Default suite" finished-at="2021-09-16T16:28:31 IST" duration-ms="4477">
    <groups>
    </groups>
    <test started-at="2021-09-16T16:28:26 IST" name="Default test" finished-at="2021-09-16T16:28:31 IST" duration-ms="4477">
      <class name="ammulu1_1.TestnCase2">
        <test-method is-config="true" signature="setup()[pri:0, instance:ammulu1_1.TestnCase2@fba92d3]" started-at="2021-09-16T16:28:26 IST" name="setup" finished-at="2021-09-16T16:28:27 IST" duration-ms="1163" status="PASS">
          <reporter-output>
          </reporter-output>
        </test-method> <!-- setup -->
        <test-method signature="VerifyOrangeHRM()[pri:0, instance:ammulu1_1.TestnCase2@fba92d3]" started-at="2021-09-16T16:28:27 IST" name="VerifyOrangeHRM" finished-at="2021-09-16T16:28:31 IST" duration-ms="3141" status="PASS">
          <reporter-output>
            <line>
              <![CDATA[homepage is displayed]]>
            </line>
            <line>
              <![CDATA[Username and password displayed]]>
            </line>
            <line>
              <![CDATA[OrangeHRM page is displayed]]>
            </line>
            <line>
              <![CDATA[Welcomeqaplanet1is displayed]]>
            </line>
            <line>
              <![CDATA[home page is displayed and signoff is successfull]]>
            </line>
          </reporter-output>
        </test-method> <!-- VerifyOrangeHRM -->
        <test-method is-config="true" signature="shutdown()[pri:0, instance:ammulu1_1.TestnCase2@fba92d3]" started-at="2021-09-16T16:28:31 IST" name="shutdown" finished-at="2021-09-16T16:28:31 IST" duration-ms="142" status="PASS">
          <reporter-output>
          </reporter-output>
        </test-method> <!-- shutdown -->
      </class> <!-- ammulu1_1.TestnCase2 -->
    </test> <!-- Default test -->
  </suite> <!-- Default suite -->
</testng-results>
